<?xml version="1.0" encoding="UTF-8"?>
<!-- Generated by org.testng.reporters.JUnitXMLReporter -->
<testsuite ignored="0" hostname="GT0151" failures="0" tests="3" name="Practo Test" time="221.269" errors="0" timestamp="24 Sep 2024 17:18:38 GMT">
  <testcase classname="PractoTest.PractoTestFile" name="validateSpecialization" time="45.849"/>
  <testcase classname="PractoTest.PractoTestFile" name="validateBookingDetails" time="114.692"/>
  <testcase classname="PractoTest.PractoTestFile" name="filterValidation" time="26.075"/>
</testsuite> <!-- Practo Test -->
