<?xml version="1.0" encoding="UTF-8"?>
<testng-results ignored="0" total="3" passed="3" failed="0" skipped="0">
  <reporter-output>
  </reporter-output>
  <suite started-at="2024-09-24T17:14:57Z" name="Practo" finished-at="2024-09-24T17:18:38Z" duration-ms="221269">
    <groups>
    </groups>
    <test started-at="2024-09-24T17:14:57Z" name="Practo Test" finished-at="2024-09-24T17:18:38Z" duration-ms="221269">
      <class name="PractoTest.PractoTestFile">
        <test-method is-config="true" signature="setUp()[pri:0, instance:PractoTest.PractoTestFile@44821a96]" started-at="2024-09-24T17:14:57Z" name="setUp" finished-at="2024-09-24T17:14:57Z" duration-ms="223" status="PASS">
          <reporter-output>
          </reporter-output>
        </test-method> <!-- setUp -->
        <test-method is-config="true" signature="url()[pri:0, instance:PractoTest.PractoTestFile@44821a96]" started-at="2024-09-24T17:14:57Z" name="url" finished-at="2024-09-24T17:15:03Z" duration-ms="6026" status="PASS">
          <reporter-output>
          </reporter-output>
        </test-method> <!-- url -->
        <test-method signature="validateSpecialization()[pri:1, instance:PractoTest.PractoTestFile@44821a96]" started-at="2024-09-24T17:15:03Z" name="validateSpecialization" finished-at="2024-09-24T17:15:49Z" duration-ms="45849" status="PASS">
          <reporter-output>
          </reporter-output>
        </test-method> <!-- validateSpecialization -->
        <test-method is-config="true" signature="driverQuit()[pri:0, instance:PractoTest.PractoTestFile@44821a96]" started-at="2024-09-24T17:15:49Z" name="driverQuit" finished-at="2024-09-24T17:15:50Z" duration-ms="1422" status="PASS">
          <reporter-output>
          </reporter-output>
        </test-method> <!-- driverQuit -->
        <test-method is-config="true" signature="url()[pri:0, instance:PractoTest.PractoTestFile@44821a96]" started-at="2024-09-24T17:15:50Z" name="url" finished-at="2024-09-24T17:16:07Z" duration-ms="17193" status="PASS">
          <reporter-output>
          </reporter-output>
        </test-method> <!-- url -->
        <test-method signature="validateBookingDetails()[pri:2, instance:PractoTest.PractoTestFile@44821a96]" started-at="2024-09-24T17:16:07Z" name="validateBookingDetails" finished-at="2024-09-24T17:18:02Z" duration-ms="114692" status="PASS">
          <reporter-output>
          </reporter-output>
        </test-method> <!-- validateBookingDetails -->
        <test-method is-config="true" signature="driverQuit()[pri:0, instance:PractoTest.PractoTestFile@44821a96]" started-at="2024-09-24T17:18:02Z" name="driverQuit" finished-at="2024-09-24T17:18:04Z" duration-ms="1614" status="PASS">
          <reporter-output>
          </reporter-output>
        </test-method> <!-- driverQuit -->
        <test-method is-config="true" signature="url()[pri:0, instance:PractoTest.PractoTestFile@44821a96]" started-at="2024-09-24T17:18:04Z" name="url" finished-at="2024-09-24T17:18:10Z" duration-ms="6173" status="PASS">
          <reporter-output>
          </reporter-output>
        </test-method> <!-- url -->
        <test-method signature="filterValidation()[pri:3, instance:PractoTest.PractoTestFile@44821a96]" started-at="2024-09-24T17:18:10Z" name="filterValidation" finished-at="2024-09-24T17:18:36Z" duration-ms="26075" status="PASS">
          <reporter-output>
          </reporter-output>
        </test-method> <!-- filterValidation -->
        <test-method is-config="true" signature="driverQuit()[pri:0, instance:PractoTest.PractoTestFile@44821a96]" started-at="2024-09-24T17:18:36Z" name="driverQuit" finished-at="2024-09-24T17:18:38Z" duration-ms="1574" status="PASS">
          <reporter-output>
          </reporter-output>
        </test-method> <!-- driverQuit -->
        <test-method is-config="true" signature="report()[pri:0, instance:PractoTest.PractoTestFile@44821a96]" started-at="2024-09-24T17:18:38Z" name="report" finished-at="2024-09-24T17:18:38Z" duration-ms="408" status="PASS">
          <reporter-output>
          </reporter-output>
        </test-method> <!-- report -->
      </class> <!-- PractoTest.PractoTestFile -->
    </test> <!-- Practo Test -->
  </suite> <!-- Practo -->
</testng-results>
